<?xml version="1.0" encoding="UTF-8"?>
<!-- Generated by org.testng.reporters.JUnitReportReporter -->
<testsuite hostname="surendranath" failures="0" tests="1" name="newtestNG.newtestNGclass" time="0.007" errors="0" timestamp="2021-08-28T03:53:14 PDT" skipped="0">
  <testcase classname="newtestNG.newtestNGclass" name="f" time="0.007"/>
  <system-out/>
</testsuite> <!-- newtestNG.newtestNGclass -->
